<?xml version="1.0" encoding="utf-8"?><testsuites name="pytest tests"><testsuite name="pytest" errors="0" failures="1" skipped="0" tests="16" time="2.212" timestamp="2026-07-01T08:58:00.648507+00:00" hostname="agent-env-f8d2a5ae-1b60-4b3f-b1a2-e9e80f10348a"><testcase classname="tests.backend_test.TestArima" name="test_arima_default_horizon" time="0.176" /><testcase classname="tests.backend_test.TestEDA" name="test_yearly" time="0.199" /><testcase classname="tests.backend_test.TestArima" name="test_arima_horizon_24" time="0.405" /><testcase classname="tests.backend_test.TestEDA" name="test_industry" time="0.383" /><testcase classname="tests.backend_test.TestPoisson" name="test_poisson" time="0.045" /><testcase classname="tests.backend_test.TestEDA" name="test_breach_type" time="0.046" /><testcase classname="tests.backend_test.TestPoisson" name="test_breach_size_stats" time="0.050" /><testcase classname="tests.backend_test.TestEDA" name="test_heatmap" time="0.046" /><testcase classname="tests.backend_test.TestEDA" name="test_size_distribution" time="0.042" /><testcase classname="tests.backend_test.TestPredict" name="test_predict_all" time="0.293" /><testcase classname="tests.backend_test.TestDataset" name="test_dataset_filters" time="0.254" /><testcase classname="tests.backend_test.TestPredict" name="test_predict_filtered_growth" time="0.607" /><testcase classname="tests.backend_test.TestDataset" name="test_dataset_pagination" time="0.605" /><testcase classname="tests.backend_test.TestMetrics" name="test_metrics" time="0.044" /><testcase classname="tests.backend_test.TestSummary" name="test_summary_shape" time="0.091" /><testcase classname="tests.backend_test.TestPDF" name="test_report_pdf" time="0.049"><failure message="assert 4902 &gt; 5000&#10; +  where 4902 = len(b'%PDF-1.4\n%\x93\x8c\x8b\x9e ReportLab Generated PDF document (opensource)\n1 0 obj\n&lt;&lt;\n/F1 2 0 R /F2 3 0 R /F3 5 0 R\n&gt;&gt;\nendobj\n2 0 obj\n&lt;&lt;\n/BaseFont /Helvetica /Encoding /WinAnsiEncoding /Name /F1 /Subtype /Type1 /Type /Font\n&gt;&gt;\nendobj\n3 0 obj\n&lt;&lt;\n/BaseFont /Helvetica-Bold /Encoding /WinAnsiEncoding /Name /F2 /Subtype /Type1 /Type /Font\n&gt;&gt;\nendobj\n4 0 obj\n&lt;&lt;\n/Contents 10 0 R /MediaBox [ 0 0 595.2756 841.8898 ] /Parent 9 0 R /Resources &lt;&lt;\n/Font 1 0 R /ProcSet [ /PDF /Text /ImageB /ImageC /ImageI ]\n&gt;&gt; /Rotate 0 /Trans &lt;&lt;\n\n&gt;&gt; \n  /Type /Page\n&gt;&gt;\nendobj\n5 0 obj\n&lt;&lt;\n/BaseFont /Symbol /Name /F3 /Subtype /Type1 /Type /Font\n&gt;&gt;\nendobj\n6 0 obj\n&lt;&lt;\n/Contents 11 0 R /MediaBox [ 0 0 595.2756 841.8898 ] /Parent 9 0 R /Resources &lt;&lt;\n/Font 1 0 R /ProcSet [ /PDF /Text /ImageB /ImageC /ImageI ]\n&gt;&gt; /Rotate 0 /Trans &lt;&lt;\n\n&gt;&gt; \n  /Type /Page\n&gt;&gt;\nendobj\n7 0 obj\n&lt;&lt;\n/PageMode /UseNone /Pages 9 0 R /Type /Catalog\n&gt;&gt;\nendobj\n8 0 obj\n&lt;&lt;\n/Author (\\(anonymous\\)) /CreationDate (D:20260701085802+00\'00\') /Creator (\\(unspecified\\)) /Keywords () /ModDate (D:20260701085802+00\'00\') /Producer (ReportLab PDF Library - \\(opensource\\)) \n  /Subject (\\(unspecified\\)) /Title ...KS^BM$F-umPAVVAJsh`F?V#MeK$KqkS=J/hJaq#S;81IMLHkr^ek+Y1h#1AiKuI)%%M*@+97^0MhV0E@gd%\'Rdj/Iqs17($iqMUYLdN(-+mdhWPJI.[!HQ2WYHI!$&lt;,dW%g^&amp;`9SfGBiHTb0b1^qs,-bs&quot;@#\\.4l]3^$$mg3sb$&gt;;c[F4[&quot;,S\'KLWZ^jS\'2t7u.q&lt;p[L&amp;24];&lt;P!;rZ2=!$Y&quot;`&gt;u^0&lt;+GLTAU8cdV7VD,2m&lt;QhPnt4&lt;rXo\\F5QAS%&lt;o`X7uI/kk-4WpU]Up.bh%2E8FagCrFcoC^UljcX5h-Z__2s7/WR-Su]f%(SZ,.Hpi3?+rS)0&lt;8[=qXL)+SM4EW;H\\t%B=K6Nf&lt;q;nKT4G9mSiph9*/Mj.,qgRLb@)6m+JIJhWJV`O_i&gt;WfOO[\\-1gBc@fmtF\'6R;t&quot;RJ\\jml[q:BE\'-bL`,JSsE$)L1X0jOeH3TFmlkM&lt;^aA1$&amp;dtQT%F3Am,KU\'s&quot;EAk-GE:,Jbc#MErSMO\\c&lt;@Xe%D\'7GGjZoaGa#SWE.CMi&quot;bM8+cZRGS@3P&lt;\'*1:`*DXPDMP^-gLEX)TrOBdM!3*&lt;gH&quot;S/].]$ZJS8![g@KS&gt;&quot;8&lt;&lt;1@]4&gt;KWt]kV*.-f3r*DdMQhENcM6QZ7#Y5,M#OhHIFj3hSJ:H%\\,4okl?d3RrTkAkSpeWCQme1s&quot;N3f.1ui7!&gt;9S4PQ~&gt;endstream\nendobj\nxref\n0 12\n0000000000 65535 f \n0000000061 00000 n \n0000000112 00000 n \n0000000219 00000 n \n0000000331 00000 n \n0000000535 00000 n \n0000000612 00000 n \n0000000816 00000 n \n0000000884 00000 n \n0000001180 00000 n \n0000001245 00000 n \n0000003193 00000 n \ntrailer\n&lt;&lt;\n/ID \n[&lt;ffb572cb3d93de1d473354797aae7c18&gt;&lt;ffb572cb3d93de1d473354797aae7c18&gt;]\n% ReportLab generated PDF document -- digest (opensource)\n\n/Info 8 0 R\n/Root 7 0 R\n/Size 12\n&gt;&gt;\nstartxref\n4449\n%%EOF\n')&#10; +    where b'%PDF-1.4\n%\x93\x8c\x8b\x9e ReportLab Generated PDF document (opensource)\n1 0 obj\n&lt;&lt;\n/F1 2 0 R /F2 3 0 R /F3 5 0 R\n&gt;&gt;\nendobj\n2 0 obj\n&lt;&lt;\n/BaseFont /Helvetica /Encoding /WinAnsiEncoding /Name /F1 /Subtype /Type1 /Type /Font\n&gt;&gt;\nendobj\n3 0 obj\n&lt;&lt;\n/BaseFont /Helvetica-Bold /Encoding /WinAnsiEncoding /Name /F2 /Subtype /Type1 /Type /Font\n&gt;&gt;\nendobj\n4 0 obj\n&lt;&lt;\n/Contents 10 0 R /MediaBox [ 0 0 595.2756 841.8898 ] /Parent 9 0 R /Resources &lt;&lt;\n/Font 1 0 R /ProcSet [ /PDF /Text /ImageB /ImageC /ImageI ]\n&gt;&gt; /Rotate 0 /Trans &lt;&lt;\n\n&gt;&gt; \n  /Type /Page\n&gt;&gt;\nendobj\n5 0 obj\n&lt;&lt;\n/BaseFont /Symbol /Name /F3 /Subtype /Type1 /Type /Font\n&gt;&gt;\nendobj\n6 0 obj\n&lt;&lt;\n/Contents 11 0 R /MediaBox [ 0 0 595.2756 841.8898 ] /Parent 9 0 R /Resources &lt;&lt;\n/Font 1 0 R /ProcSet [ /PDF /Text /ImageB /ImageC /ImageI ]\n&gt;&gt; /Rotate 0 /Trans &lt;&lt;\n\n&gt;&gt; \n  /Type /Page\n&gt;&gt;\nendobj\n7 0 obj\n&lt;&lt;\n/PageMode /UseNone /Pages 9 0 R /Type /Catalog\n&gt;&gt;\nendobj\n8 0 obj\n&lt;&lt;\n/Author (\\(anonymous\\)) /CreationDate (D:20260701085802+00\'00\') /Creator (\\(unspecified\\)) /Keywords () /ModDate (D:20260701085802+00\'00\') /Producer (ReportLab PDF Library - \\(opensource\\)) \n  /Subject (\\(unspecified\\)) /Title ...KS^BM$F-umPAVVAJsh`F?V#MeK$KqkS=J/hJaq#S;81IMLHkr^ek+Y1h#1AiKuI)%%M*@+97^0MhV0E@gd%\'Rdj/Iqs17($iqMUYLdN(-+mdhWPJI.[!HQ2WYHI!$&lt;,dW%g^&amp;`9SfGBiHTb0b1^qs,-bs&quot;@#\\.4l]3^$$mg3sb$&gt;;c[F4[&quot;,S\'KLWZ^jS\'2t7u.q&lt;p[L&amp;24];&lt;P!;rZ2=!$Y&quot;`&gt;u^0&lt;+GLTAU8cdV7VD,2m&lt;QhPnt4&lt;rXo\\F5QAS%&lt;o`X7uI/kk-4WpU]Up.bh%2E8FagCrFcoC^UljcX5h-Z__2s7/WR-Su]f%(SZ,.Hpi3?+rS)0&lt;8[=qXL)+SM4EW;H\\t%B=K6Nf&lt;q;nKT4G9mSiph9*/Mj.,qgRLb@)6m+JIJhWJV`O_i&gt;WfOO[\\-1gBc@fmtF\'6R;t&quot;RJ\\jml[q:BE\'-bL`,JSsE$)L1X0jOeH3TFmlkM&lt;^aA1$&amp;dtQT%F3Am,KU\'s&quot;EAk-GE:,Jbc#MErSMO\\c&lt;@Xe%D\'7GGjZoaGa#SWE.CMi&quot;bM8+cZRGS@3P&lt;\'*1:`*DXPDMP^-gLEX)TrOBdM!3*&lt;gH&quot;S/].]$ZJS8![g@KS&gt;&quot;8&lt;&lt;1@]4&gt;KWt]kV*.-f3r*DdMQhENcM6QZ7#Y5,M#OhHIFj3hSJ:H%\\,4okl?d3RrTkAkSpeWCQme1s&quot;N3f.1ui7!&gt;9S4PQ~&gt;endstream\nendobj\nxref\n0 12\n0000000000 65535 f \n0000000061 00000 n \n0000000112 00000 n \n0000000219 00000 n \n0000000331 00000 n \n0000000535 00000 n \n0000000612 00000 n \n0000000816 00000 n \n0000000884 00000 n \n0000001180 00000 n \n0000001245 00000 n \n0000003193 00000 n \ntrailer\n&lt;&lt;\n/ID \n[&lt;ffb572cb3d93de1d473354797aae7c18&gt;&lt;ffb572cb3d93de1d473354797aae7c18&gt;]\n% ReportLab generated PDF document -- digest (opensource)\n\n/Info 8 0 R\n/Root 7 0 R\n/Size 12\n&gt;&gt;\nstartxref\n4449\n%%EOF\n' = &lt;Response [200]&gt;.content">backend/tests/backend_test.py:183: in test_report_pdf
    assert len(r.content) &gt; 5000
E   assert 4902 &gt; 5000
E    +  where 4902 = len(b'%PDF-1.4\n%\x93\x8c\x8b\x9e ReportLab Generated PDF document (opensource)\n1 0 obj\n&lt;&lt;\n/F1 2 0 R /F2 3 0 R /F3 5 0 R\n&gt;&gt;\nendobj\n2 0 obj\n&lt;&lt;\n/BaseFont /Helvetica /Encoding /WinAnsiEncoding /Name /F1 /Subtype /Type1 /Type /Font\n&gt;&gt;\nendobj\n3 0 obj\n&lt;&lt;\n/BaseFont /Helvetica-Bold /Encoding /WinAnsiEncoding /Name /F2 /Subtype /Type1 /Type /Font\n&gt;&gt;\nendobj\n4 0 obj\n&lt;&lt;\n/Contents 10 0 R /MediaBox [ 0 0 595.2756 841.8898 ] /Parent 9 0 R /Resources &lt;&lt;\n/Font 1 0 R /ProcSet [ /PDF /Text /ImageB /ImageC /ImageI ]\n&gt;&gt; /Rotate 0 /Trans &lt;&lt;\n\n&gt;&gt; \n  /Type /Page\n&gt;&gt;\nendobj\n5 0 obj\n&lt;&lt;\n/BaseFont /Symbol /Name /F3 /Subtype /Type1 /Type /Font\n&gt;&gt;\nendobj\n6 0 obj\n&lt;&lt;\n/Contents 11 0 R /MediaBox [ 0 0 595.2756 841.8898 ] /Parent 9 0 R /Resources &lt;&lt;\n/Font 1 0 R /ProcSet [ /PDF /Text /ImageB /ImageC /ImageI ]\n&gt;&gt; /Rotate 0 /Trans &lt;&lt;\n\n&gt;&gt; \n  /Type /Page\n&gt;&gt;\nendobj\n7 0 obj\n&lt;&lt;\n/PageMode /UseNone /Pages 9 0 R /Type /Catalog\n&gt;&gt;\nendobj\n8 0 obj\n&lt;&lt;\n/Author (\\(anonymous\\)) /CreationDate (D:20260701085802+00\'00\') /Creator (\\(unspecified\\)) /Keywords () /ModDate (D:20260701085802+00\'00\') /Producer (ReportLab PDF Library - \\(opensource\\)) \n  /Subject (\\(unspecified\\)) /Title ...KS^BM$F-umPAVVAJsh`F?V#MeK$KqkS=J/hJaq#S;81IMLHkr^ek+Y1h#1AiKuI)%%M*@+97^0MhV0E@gd%\'Rdj/Iqs17($iqMUYLdN(-+mdhWPJI.[!HQ2WYHI!$&lt;,dW%g^&amp;`9SfGBiHTb0b1^qs,-bs"@#\\.4l]3^$$mg3sb$&gt;;c[F4[",S\'KLWZ^jS\'2t7u.q&lt;p[L&amp;24];&lt;P!;rZ2=!$Y"`&gt;u^0&lt;+GLTAU8cdV7VD,2m&lt;QhPnt4&lt;rXo\\F5QAS%&lt;o`X7uI/kk-4WpU]Up.bh%2E8FagCrFcoC^UljcX5h-Z__2s7/WR-Su]f%(SZ,.Hpi3?+rS)0&lt;8[=qXL)+SM4EW;H\\t%B=K6Nf&lt;q;nKT4G9mSiph9*/Mj.,qgRLb@)6m+JIJhWJV`O_i&gt;WfOO[\\-1gBc@fmtF\'6R;t"RJ\\jml[q:BE\'-bL`,JSsE$)L1X0jOeH3TFmlkM&lt;^aA1$&amp;dtQT%F3Am,KU\'s"EAk-GE:,Jbc#MErSMO\\c&lt;@Xe%D\'7GGjZoaGa#SWE.CMi"bM8+cZRGS@3P&lt;\'*1:`*DXPDMP^-gLEX)TrOBdM!3*&lt;gH"S/].]$ZJS8![g@KS&gt;"8&lt;&lt;1@]4&gt;KWt]kV*.-f3r*DdMQhENcM6QZ7#Y5,M#OhHIFj3hSJ:H%\\,4okl?d3RrTkAkSpeWCQme1s"N3f.1ui7!&gt;9S4PQ~&gt;endstream\nendobj\nxref\n0 12\n0000000000 65535 f \n0000000061 00000 n \n0000000112 00000 n \n0000000219 00000 n \n0000000331 00000 n \n0000000535 00000 n \n0000000612 00000 n \n0000000816 00000 n \n0000000884 00000 n \n0000001180 00000 n \n0000001245 00000 n \n0000003193 00000 n \ntrailer\n&lt;&lt;\n/ID \n[&lt;ffb572cb3d93de1d473354797aae7c18&gt;&lt;ffb572cb3d93de1d473354797aae7c18&gt;]\n% ReportLab generated PDF document -- digest (opensource)\n\n/Info 8 0 R\n/Root 7 0 R\n/Size 12\n&gt;&gt;\nstartxref\n4449\n%%EOF\n')
E    +    where b'%PDF-1.4\n%\x93\x8c\x8b\x9e ReportLab Generated PDF document (opensource)\n1 0 obj\n&lt;&lt;\n/F1 2 0 R /F2 3 0 R /F3 5 0 R\n&gt;&gt;\nendobj\n2 0 obj\n&lt;&lt;\n/BaseFont /Helvetica /Encoding /WinAnsiEncoding /Name /F1 /Subtype /Type1 /Type /Font\n&gt;&gt;\nendobj\n3 0 obj\n&lt;&lt;\n/BaseFont /Helvetica-Bold /Encoding /WinAnsiEncoding /Name /F2 /Subtype /Type1 /Type /Font\n&gt;&gt;\nendobj\n4 0 obj\n&lt;&lt;\n/Contents 10 0 R /MediaBox [ 0 0 595.2756 841.8898 ] /Parent 9 0 R /Resources &lt;&lt;\n/Font 1 0 R /ProcSet [ /PDF /Text /ImageB /ImageC /ImageI ]\n&gt;&gt; /Rotate 0 /Trans &lt;&lt;\n\n&gt;&gt; \n  /Type /Page\n&gt;&gt;\nendobj\n5 0 obj\n&lt;&lt;\n/BaseFont /Symbol /Name /F3 /Subtype /Type1 /Type /Font\n&gt;&gt;\nendobj\n6 0 obj\n&lt;&lt;\n/Contents 11 0 R /MediaBox [ 0 0 595.2756 841.8898 ] /Parent 9 0 R /Resources &lt;&lt;\n/Font 1 0 R /ProcSet [ /PDF /Text /ImageB /ImageC /ImageI ]\n&gt;&gt; /Rotate 0 /Trans &lt;&lt;\n\n&gt;&gt; \n  /Type /Page\n&gt;&gt;\nendobj\n7 0 obj\n&lt;&lt;\n/PageMode /UseNone /Pages 9 0 R /Type /Catalog\n&gt;&gt;\nendobj\n8 0 obj\n&lt;&lt;\n/Author (\\(anonymous\\)) /CreationDate (D:20260701085802+00\'00\') /Creator (\\(unspecified\\)) /Keywords () /ModDate (D:20260701085802+00\'00\') /Producer (ReportLab PDF Library - \\(opensource\\)) \n  /Subject (\\(unspecified\\)) /Title ...KS^BM$F-umPAVVAJsh`F?V#MeK$KqkS=J/hJaq#S;81IMLHkr^ek+Y1h#1AiKuI)%%M*@+97^0MhV0E@gd%\'Rdj/Iqs17($iqMUYLdN(-+mdhWPJI.[!HQ2WYHI!$&lt;,dW%g^&amp;`9SfGBiHTb0b1^qs,-bs"@#\\.4l]3^$$mg3sb$&gt;;c[F4[",S\'KLWZ^jS\'2t7u.q&lt;p[L&amp;24];&lt;P!;rZ2=!$Y"`&gt;u^0&lt;+GLTAU8cdV7VD,2m&lt;QhPnt4&lt;rXo\\F5QAS%&lt;o`X7uI/kk-4WpU]Up.bh%2E8FagCrFcoC^UljcX5h-Z__2s7/WR-Su]f%(SZ,.Hpi3?+rS)0&lt;8[=qXL)+SM4EW;H\\t%B=K6Nf&lt;q;nKT4G9mSiph9*/Mj.,qgRLb@)6m+JIJhWJV`O_i&gt;WfOO[\\-1gBc@fmtF\'6R;t"RJ\\jml[q:BE\'-bL`,JSsE$)L1X0jOeH3TFmlkM&lt;^aA1$&amp;dtQT%F3Am,KU\'s"EAk-GE:,Jbc#MErSMO\\c&lt;@Xe%D\'7GGjZoaGa#SWE.CMi"bM8+cZRGS@3P&lt;\'*1:`*DXPDMP^-gLEX)TrOBdM!3*&lt;gH"S/].]$ZJS8![g@KS&gt;"8&lt;&lt;1@]4&gt;KWt]kV*.-f3r*DdMQhENcM6QZ7#Y5,M#OhHIFj3hSJ:H%\\,4okl?d3RrTkAkSpeWCQme1s"N3f.1ui7!&gt;9S4PQ~&gt;endstream\nendobj\nxref\n0 12\n0000000000 65535 f \n0000000061 00000 n \n0000000112 00000 n \n0000000219 00000 n \n0000000331 00000 n \n0000000535 00000 n \n0000000612 00000 n \n0000000816 00000 n \n0000000884 00000 n \n0000001180 00000 n \n0000001245 00000 n \n0000003193 00000 n \ntrailer\n&lt;&lt;\n/ID \n[&lt;ffb572cb3d93de1d473354797aae7c18&gt;&lt;ffb572cb3d93de1d473354797aae7c18&gt;]\n% ReportLab generated PDF document -- digest (opensource)\n\n/Info 8 0 R\n/Root 7 0 R\n/Size 12\n&gt;&gt;\nstartxref\n4449\n%%EOF\n' = &lt;Response [200]&gt;.content</failure></testcase></testsuite></testsuites>